Playing game Easy mode
2019-12-11 12:58:15,310 : INFO : config : Playing game Easy mode
2019-12-11 13:19:01,821 : INFO : config : Playing game IAH
2019-12-11 13:20:31,740 : INFO : config : ---------------------------------------
2019-12-11 13:20:31,740 : INFO : config : New game Easy mode
2019-12-11 13:20:44,884 : INFO : config : Aborting game
2019-12-11 13:20:44,884 : INFO : config : ---------------------------------------
2019-12-11 13:20:47,082 : INFO : config : Playing game SFO
2019-12-11 13:20:47,082 : INFO : config : DFD: 4
2019-12-11 13:20:47,082 : INFO : config : AC: 100
2019-12-11 13:20:47,083 : INFO : config : AU: 100
2019-12-11 13:20:47,083 : INFO : config : LB: 0
2019-12-11 13:20:47,083 : INFO : config : SA: 100
2019-12-11 13:22:00,349 : INFO : config : ---------------------------------------
2019-12-11 13:22:00,349 : INFO : config : New game Easy mode
2019-12-11 13:22:00,349 : INFO : config : DFD: 3
2019-12-11 13:22:00,349 : INFO : config : AC: 100, AU: 100, LB: 0, SA: 100
2019-12-11 17:28:23,488 : INFO : config : Playing game IAH
2019-12-11 17:28:23,488 : INFO : config : DFD: 4
2019-12-11 17:28:23,488 : INFO : config : AC: 180, AU: 180, LB: 0, SA: 180
2019-12-11 17:28:24,389 : INFO : config : OB value: 10
2019-12-11 17:28:24,389 : INFO : config : DFD: 4
2019-12-11 17:28:24,389 : INFO : config : AC: 180, AU: 190, LB: 0, SA: 190
2019-12-11 17:28:25,992 : INFO : config : RSV value: 15
2019-12-11 17:28:26,007 : INFO : config : Obsv demand: 91, LB: 15, Rev: 3000
2019-12-11 17:28:59,421 : INFO : config : RSV value: 5
2019-12-11 17:28:59,422 : INFO : config : Obsv demand: 59, LB: 5, Rev: 1500
2019-12-11 17:29:25,714 : INFO : config : ---------------------------------------
2019-12-11 17:29:25,714 : INFO : config : New game Easy mode
2019-12-11 17:29:25,714 : INFO : config : DFD: 3
2019-12-11 17:29:25,714 : INFO : config : AC: 100, AU: 100, LB: 0, SA: 100
2019-12-11 17:29:30,030 : INFO : config : RSV value: 5
2019-12-11 17:29:30,031 : INFO : config : Obsv demand: 80, LB: 5, Rev: 500
2019-12-11 17:29:52,682 : INFO : config : RSV value: 10
2019-12-11 17:29:52,682 : INFO : config : Obsv demand: 60, LB: 10, Rev: 2000
2019-12-11 17:31:18,781 : INFO : config : ---------------------------------------
2019-12-11 17:31:18,781 : INFO : config : New game SFO
2019-12-11 17:31:18,781 : INFO : config : DFD: 4
2019-12-11 17:31:18,781 : INFO : config : AC: 100, AU: 100, LB: 0, SA: 100
2019-12-11 17:31:19,964 : INFO : config : OB value: 5
2019-12-11 17:31:19,964 : INFO : config : DFD: 4
2019-12-11 17:31:19,964 : INFO : config : AC: 100, AU: 105, LB: 0, SA: 105
2019-12-11 17:31:44,731 : INFO : config : DFD: 4
2019-12-11 17:31:44,731 : INFO : config : AC: 100, AU: 105, LB: 0, SA: 105
2019-12-11 17:31:44,731 : INFO : config : RSV value: 15
2019-12-11 17:31:44,731 : INFO : config : Obsv demand: 48, LB: 15, Rev: 1500
2019-12-11 17:32:11,415 : INFO : config : DFD: 3
2019-12-11 17:32:11,415 : INFO : config : AC: 100, AU: 105, LB: 15, SA: 90
2019-12-11 17:32:11,431 : INFO : config : RSV value: 5
2019-12-11 17:32:11,431 : INFO : config : Obsv demand: 2, LB: 2, Rev: 400
2019-12-11 17:33:00,948 : INFO : config : DFD: 2
2019-12-11 17:33:00,948 : INFO : config : AC: 100, AU: 105, LB: 17, SA: 88
2019-12-11 17:33:00,948 : INFO : config : RSV value: 12
2019-12-11 17:33:00,948 : INFO : config : Obsv demand: 4, LB: 4, Rev: 1200
2019-12-11 17:33:22,914 : INFO : config : DFD: 1
2019-12-11 17:33:22,914 : INFO : config : AC: 100, AU: 105, LB: 21, SA: 84
2019-12-11 17:33:22,914 : INFO : config : RSV value: 8
2019-12-11 17:33:22,914 : INFO : config : Obsv demand: 5, LB: 5, Rev: 2000
2019-12-11 17:33:25,018 : INFO : config : DFD: 0
2019-12-11 17:33:25,018 : INFO : config : AC: 100, AU: 105, LB: 26, SA: 79
2019-12-11 17:33:25,018 : INFO : config : RSV value: 79
2019-12-11 17:33:25,018 : INFO : config : Obsv demand: 4, LB: 4, Rev: 2000
2019-12-11 17:33:37,318 : INFO : config : ---------------------------------------
2019-12-11 17:33:37,318 : INFO : config : New game SFO
2019-12-11 17:33:37,318 : INFO : config : DFD: 4
2019-12-11 17:33:37,318 : INFO : config : AC: 100, AU: 100, LB: 0, SA: 100
2019-12-11 17:33:40,115 : INFO : config : Aborting game
2019-12-11 17:33:40,115 : INFO : config : ---------------------------------------
2019-12-11 17:33:41,498 : INFO : config : ---------------------------------------
2019-12-11 17:33:41,498 : INFO : config : New game IAH
2019-12-11 17:33:41,498 : INFO : config : DFD: 4
2019-12-11 17:33:41,498 : INFO : config : AC: 180, AU: 180, LB: 0, SA: 180
2019-12-11 17:33:43,381 : INFO : config : Aborting game
2019-12-11 17:33:43,381 : INFO : config : ---------------------------------------
2019-12-11 17:33:44,014 : INFO : config : ---------------------------------------
2019-12-11 17:33:44,014 : INFO : config : New game Easy mode
2019-12-11 17:33:44,014 : INFO : config : DFD: 3
2019-12-11 17:33:44,014 : INFO : config : AC: 100, AU: 100, LB: 0, SA: 100
2019-12-11 17:33:52,414 : INFO : config : Aborting game
2019-12-11 17:33:52,414 : INFO : config : ---------------------------------------
2019-12-11 17:58:22,446 : INFO : **********************************************
2019-12-11 17:58:22,446 : INFO : New game SFO
2019-12-11 17:58:22,446 : INFO : AC: 100, AU: 100, LB: 0, SA: 100
2019-12-11 17:58:22,446 : INFO : Forecast:
2019-12-11 17:58:22,447 : INFO : None
2019-12-11 17:58:23,017 : INFO : OB value: 5
2019-12-11 17:58:23,017 : INFO : AC: 100, AU: 105, LB: 0, SA: 105
2019-12-11 17:58:23,017 : INFO : Forecast:
2019-12-11 17:58:23,033 : INFO : None
2019-12-11 17:58:24,779 : INFO : AC: 100, AU: 105, LB: 0, SA: 105
2019-12-11 17:58:24,779 : INFO : Forecast:
2019-12-11 17:58:24,780 : INFO : None
2019-12-11 17:58:24,792 : INFO : RSV value: 10
2019-12-11 17:58:24,793 : INFO : Obsv demand: 55, LB: 10, Rev: 1000
2019-12-11 17:59:02,852 : INFO : **********************************************
2019-12-11 17:59:02,852 : INFO : New game Easy mode
2019-12-11 17:59:02,852 : INFO : AC: 100, AU: 100, LB: 0, SA: 100
2019-12-11 17:59:02,852 : INFO : Forecast:
2019-12-11 17:59:02,852 : INFO :       dow_long dow_short  fare  demand  cv  stdev
dfd                                              
3      Tuesday       Tue   100      80   0      0
2    Wednesday       Wed   200      60   0      0
1     Thursday       Thu   300      40   0      0
0       Friday       Fri   400      20   0      0
2019-12-11 17:59:03,506 : INFO : AC: 100, AU: 100, LB: 0, SA: 100
2019-12-11 17:59:03,506 : INFO : Forecast:
2019-12-11 17:59:03,506 : INFO :       dow_long dow_short  fare  demand  cv  stdev
dfd                                              
3      Tuesday       Tue   100      80   0      0
2    Wednesday       Wed   200      60   0      0
1     Thursday       Thu   300      40   0      0
0       Friday       Fri   400      20   0      0
2019-12-11 17:59:03,507 : INFO : RSV value: 12
2019-12-11 17:59:03,507 : INFO : Obsv demand: 80, LB: 12, Rev: 1200
2019-12-11 18:01:52,992 : INFO : **********************************************
2019-12-11 18:01:52,992 : INFO : New game Easy mode
2019-12-11 18:01:52,992 : INFO : AC: 100, AU: 100, LB: 0, SA: 100
2019-12-11 18:01:52,992 : INFO : Forecast:
2019-12-11 18:01:52,992 : INFO : {'dow_long': {3: 'Tuesday', 2: 'Wednesday', 1: 'Thursday', 0: 'Friday'}, 'dow_short': {3: 'Tue', 2: 'Wed', 1: 'Thu', 0: 'Fri'}, 'fare': {3: 100, 2: 200, 1: 300, 0: 400}, 'demand': {3: 80, 2: 60, 1: 40, 0: 20}, 'cv': {3: 0, 2: 0, 1: 0, 0: 0}, 'stdev': {3: 0, 2: 0, 1: 0, 0: 0}}
2019-12-11 18:01:53,852 : INFO : AC: 100, AU: 100, LB: 0, SA: 100
2019-12-11 18:01:53,852 : INFO : Forecast:
2019-12-11 18:01:53,852 : INFO : {'dow_long': {3: 'Tuesday', 2: 'Wednesday', 1: 'Thursday', 0: 'Friday'}, 'dow_short': {3: 'Tue', 2: 'Wed', 1: 'Thu', 0: 'Fri'}, 'fare': {3: 100, 2: 200, 1: 300, 0: 400}, 'demand': {3: 80, 2: 60, 1: 40, 0: 20}, 'cv': {3: 0, 2: 0, 1: 0, 0: 0}, 'stdev': {3: 0, 2: 0, 1: 0, 0: 0}}
2019-12-11 18:01:53,852 : INFO : RSV value: 15
2019-12-11 18:01:53,853 : INFO : Obsv demand: 80, LB: 15, Rev: 1500
2019-12-11 21:13:33,609 : INFO : 177 : **********************************************
2019-12-11 21:13:33,609 : INFO : 178 : New game Easy mode
2019-12-11 21:13:33,609 : INFO : 1008 : AC: 100, AU: 100, LB: 0, SA: 100
2019-12-11 21:13:33,609 : INFO : 1009 : Fare: {3: 100, 2: 200, 1: 300, 0: 400}
2019-12-11 21:13:33,609 : INFO : 1010 : Demand: {3: 80, 2: 60, 1: 40, 0: 20}
2019-12-11 21:13:33,609 : INFO : 1011 : CV: {3: 0, 2: 0, 1: 0, 0: 0}
2019-12-11 21:13:33,609 : INFO : 1012 : Stdev: {3: 0, 2: 0, 1: 0, 0: 0}
2019-12-11 21:13:34,515 : INFO : 1018 : RSV: 5
2019-12-11 21:13:34,515 : INFO : 1021 : Arr: 80, LB: 5, Rev: 500
2019-12-11 21:13:36,081 : INFO : 1018 : RSV: 12
2019-12-11 21:13:36,081 : INFO : 1021 : Arr: 60, LB: 12, Rev: 2400
2019-12-11 21:13:37,331 : INFO : 1018 : RSV: 23
2019-12-11 21:13:37,331 : INFO : 1021 : Arr: 40, LB: 23, Rev: 6900
2019-12-11 21:13:38,400 : INFO : 1018 : RSV: 60
2019-12-11 21:13:38,400 : INFO : 1021 : Arr: 20, LB: 20, Rev: 8000
2019-12-11 21:19:14,471 : INFO : 193 : **********************************************
2019-12-11 21:19:14,471 : INFO : 194 : New game SFO
2019-12-11 21:19:14,471 : INFO : 195 : --- Game start ---
2019-12-11 21:19:14,471 : INFO : 1011 : AC: 100, AU: 100, LB: 0, SA: 100
2019-12-11 21:19:14,471 : INFO : 1012 : Fare: {4: 100, 3: 200, 2: 300, 1: 400, 0: 500}
2019-12-11 21:19:14,471 : INFO : 1013 : Demand: {4: 50, 3: 40, 2: 30, 1: 20, 0: 10}
2019-12-11 21:19:14,471 : INFO : 1014 : CV: {4: 0.05, 3: 0.1, 2: 0.15, 1: 0.2, 0: 0.25}
2019-12-11 21:19:14,471 : INFO : 1015 : Stdev: {4: 2.5, 3: 4.0, 2: 4.5, 1: 4.0, 0: 2.5}
2019-12-11 21:19:15,818 : INFO : 1018 : OB: 10
2019-12-11 21:19:15,818 : INFO : 1011 : AC: 100, AU: 110, LB: 0, SA: 110
2019-12-11 21:19:15,818 : INFO : 1012 : Fare: {4: 100, 3: 200, 2: 300, 1: 400, 0: 500}
2019-12-11 21:19:15,818 : INFO : 1013 : Demand: {4: 50, 3: 40, 2: 30, 1: 20, 0: 10}
2019-12-11 21:19:15,818 : INFO : 1014 : CV: {4: 0.05, 3: 0.1, 2: 0.15, 1: 0.2, 0: 0.25}
2019-12-11 21:19:15,818 : INFO : 1015 : Stdev: {4: 2.5, 3: 4.0, 2: 4.5, 1: 4.0, 0: 2.5}
2019-12-11 21:19:18,409 : INFO : 1021 : RSV: 15
2019-12-11 21:19:18,409 : INFO : 1024 : Arr: 53, LB: 15, Rev: 1500
2019-12-11 21:20:16,361 : INFO : 193 : **********************************************
2019-12-11 21:20:16,361 : INFO : 194 : New game SFO
2019-12-11 21:20:16,361 : INFO : 195 : --- Game start ---
2019-12-11 21:20:16,361 : INFO : 1011 : AC: 100, AU: 100, LB: 0, SA: 100
2019-12-11 21:20:16,361 : INFO : 1012 : Fare: {4: 100, 3: 200, 2: 300, 1: 400, 0: 500}
2019-12-11 21:20:16,361 : INFO : 1013 : Demand: {4: 50, 3: 40, 2: 30, 1: 20, 0: 10}
2019-12-11 21:20:16,361 : INFO : 1014 : CV: {4: 0.05, 3: 0.1, 2: 0.15, 1: 0.2, 0: 0.25}
2019-12-11 21:20:16,361 : INFO : 1015 : Stdev: {4: 2.5, 3: 4.0, 2: 4.5, 1: 4.0, 0: 2.5}
2019-12-11 21:20:17,302 : INFO : 1018 : OB: 10
2019-12-11 21:20:17,302 : INFO : 1011 : AC: 100, AU: 110, LB: 0, SA: 110
2019-12-11 21:20:17,302 : INFO : 1012 : Fare: {4: 100, 3: 200, 2: 300, 1: 400, 0: 500}
2019-12-11 21:20:17,302 : INFO : 1013 : Demand: {4: 50, 3: 40, 2: 30, 1: 20, 0: 10}
2019-12-11 21:20:17,302 : INFO : 1014 : CV: {4: 0.05, 3: 0.1, 2: 0.15, 1: 0.2, 0: 0.25}
2019-12-11 21:20:17,302 : INFO : 1015 : Stdev: {4: 2.5, 3: 4.0, 2: 4.5, 1: 4.0, 0: 2.5}
2019-12-11 21:20:18,538 : INFO : 1021 : RSV: 14
2019-12-11 21:20:18,538 : INFO : 1024 : Arr: 50, LB: 14, Rev: 1400
2019-12-11 21:20:34,220 : INFO : 193 : **********************************************
2019-12-11 21:20:34,220 : INFO : 194 : New game SFO
2019-12-11 21:20:34,220 : INFO : 195 : --- Game start ---
2019-12-11 21:20:34,220 : INFO : 1011 : AC: 100, AU: 100, LB: 0, SA: 100
2019-12-11 21:20:34,220 : INFO : 1012 : Fare: {4: 100, 3: 200, 2: 300, 1: 400, 0: 500}
2019-12-11 21:20:34,235 : INFO : 1013 : Demand: {4: 50, 3: 40, 2: 30, 1: 20, 0: 10}
2019-12-11 21:20:34,235 : INFO : 1014 : CV: {4: 0.05, 3: 0.1, 2: 0.15, 1: 0.2, 0: 0.25}
2019-12-11 21:20:34,235 : INFO : 1015 : Stdev: {4: 2.5, 3: 4.0, 2: 4.5, 1: 4.0, 0: 2.5}
2019-12-11 21:20:35,179 : INFO : 1018 : OB: 5
2019-12-11 21:20:35,179 : INFO : 1011 : AC: 100, AU: 105, LB: 0, SA: 105
2019-12-11 21:20:35,179 : INFO : 1012 : Fare: {4: 100, 3: 200, 2: 300, 1: 400, 0: 500}
2019-12-11 21:20:35,179 : INFO : 1013 : Demand: {4: 50, 3: 40, 2: 30, 1: 20, 0: 10}
2019-12-11 21:20:35,179 : INFO : 1014 : CV: {4: 0.05, 3: 0.1, 2: 0.15, 1: 0.2, 0: 0.25}
2019-12-11 21:20:35,179 : INFO : 1015 : Stdev: {4: 2.5, 3: 4.0, 2: 4.5, 1: 4.0, 0: 2.5}
2019-12-11 21:20:35,979 : INFO : 1021 : RSV: 15
2019-12-11 21:20:35,979 : INFO : 1024 : Arr: 52, LB: 15, Rev: 1500
2019-12-11 21:20:56,705 : INFO : 193 : **********************************************
2019-12-11 21:20:56,705 : INFO : 194 : New game SFO
2019-12-11 21:20:56,705 : INFO : 195 : --- Game start ---
2019-12-11 21:20:56,705 : INFO : 1011 : AC: 100, AU: 100, LB: 0, SA: 100
2019-12-11 21:20:56,705 : INFO : 1012 : Fare: {4: 100, 3: 200, 2: 300, 1: 400, 0: 500}
2019-12-11 21:20:56,705 : INFO : 1013 : Demand: {4: 50, 3: 40, 2: 30, 1: 20, 0: 10}
2019-12-11 21:20:56,705 : INFO : 1014 : CV: {4: 0.05, 3: 0.1, 2: 0.15, 1: 0.2, 0: 0.25}
2019-12-11 21:20:56,705 : INFO : 1015 : Stdev: {4: 2.5, 3: 4.0, 2: 4.5, 1: 4.0, 0: 2.5}
2019-12-11 21:20:57,222 : INFO : 1018 : OB: 15
2019-12-11 21:20:57,222 : INFO : 1011 : AC: 100, AU: 115, LB: 0, SA: 115
2019-12-11 21:20:57,222 : INFO : 1012 : Fare: {4: 100, 3: 200, 2: 300, 1: 400, 0: 500}
2019-12-11 21:20:57,222 : INFO : 1013 : Demand: {4: 50, 3: 40, 2: 30, 1: 20, 0: 10}
2019-12-11 21:20:57,222 : INFO : 1014 : CV: {4: 0.05, 3: 0.1, 2: 0.15, 1: 0.2, 0: 0.25}
2019-12-11 21:20:57,222 : INFO : 1015 : Stdev: {4: 2.5, 3: 4.0, 2: 4.5, 1: 4.0, 0: 2.5}
2019-12-11 21:20:58,098 : INFO : 1021 : RSV: 15
2019-12-11 21:20:58,098 : INFO : 1024 : Arr: 46, LB: 15, Rev: 1500
2019-12-11 21:21:08,383 : INFO : 1021 : RSV: 20
2019-12-11 21:21:08,383 : INFO : 1024 : Arr: 26, LB: 20, Rev: 6000
2019-12-11 21:22:45,857 : INFO : 1021 : RSV: 15
2019-12-11 21:22:45,857 : INFO : 1024 : Arr: 58, LB: 15, Rev: 10125
2019-12-11 21:22:50,129 : INFO : 1021 : RSV: 50
2019-12-11 21:22:50,129 : INFO : 1024 : Arr: 36, LB: 36, Rev: 32400
2019-12-11 21:22:51,459 : INFO : 1021 : RSV: 29
2019-12-11 21:22:51,459 : INFO : 1024 : Arr: 32, LB: 29, Rev: 32625
2019-12-11 21:29:32,659 : INFO : 193 : **********************************************
2019-12-11 21:29:32,659 : INFO : 194 : New game IAH
2019-12-11 21:29:32,659 : INFO : 195 : --- Game start at DFD 4 ---
2019-12-11 21:29:32,659 : INFO : 1018 : AC: 180, AU: 180, LB: 0, SA: 180
2019-12-11 21:29:32,659 : INFO : 1019 : Fare: {4: 200, 3: 300, 2: 400, 1: 500, 0: 600}
2019-12-11 21:29:32,659 : INFO : 1020 : Demand: {4: 80, 3: 60, 2: 40, 1: 30, 0: 20}
2019-12-11 21:29:32,659 : INFO : 1021 : CV: {4: 0.1, 3: 0.2, 2: 0.3, 1: 0.4, 0: 0.5}
2019-12-11 21:29:32,659 : INFO : 1022 : Stdev: {4: 8.0, 3: 12.0, 2: 12.0, 1: 12.0, 0: 10.0}
2019-12-11 21:29:33,534 : INFO : 1025 : OB: 15
2019-12-11 21:29:33,534 : INFO : 1018 : AC: 180, AU: 195, LB: 0, SA: 195
2019-12-11 21:29:33,534 : INFO : 1019 : Fare: {4: 200, 3: 300, 2: 400, 1: 500, 0: 600}
2019-12-11 21:29:33,534 : INFO : 1020 : Demand: {4: 80, 3: 60, 2: 40, 1: 30, 0: 20}
2019-12-11 21:29:33,534 : INFO : 1021 : CV: {4: 0.1, 3: 0.2, 2: 0.3, 1: 0.4, 0: 0.5}
2019-12-11 21:29:33,534 : INFO : 1022 : Stdev: {4: 8.0, 3: 12.0, 2: 12.0, 1: 12.0, 0: 10.0}
2019-12-11 21:29:34,600 : INFO : 1028 : RSV: 12
2019-12-11 21:29:34,600 : INFO : 1031 : Arr: 80, LB: 12, Rev: 2400
2019-12-11 21:29:35,131 : INFO : 1015 : --- DFD 3 ---
2019-12-11 21:29:35,131 : INFO : 1035 : Event Carnival
2019-12-11 21:29:35,131 : INFO : 1018 : AC: 180, AU: 195, LB: 12, SA: 183
2019-12-11 21:29:35,146 : INFO : 1019 : Fare: {3: 300, 2: 400, 1: 500, 0: 600}
2019-12-11 21:29:35,146 : INFO : 1020 : Demand: {3: 90, 2: 60, 1: 30, 0: 20}
2019-12-11 21:29:35,146 : INFO : 1021 : CV: {3: 0.18000000000000002, 2: 0.27, 1: 0.36000000000000004, 0: 0.45}
2019-12-11 21:29:35,146 : INFO : 1022 : Stdev: {3: 12.0, 2: 12.0, 1: 12.0, 0: 10.0}
2019-12-11 21:36:15,927 : INFO : **********************************************
2019-12-11 21:36:15,927 : INFO : New game SFO
2019-12-11 21:36:15,927 : INFO : ---------- Game start at DFD 4 ----------
2019-12-11 21:36:15,927 : INFO : AC: 100, AU: 100, LB: 0, SA: 100
2019-12-11 21:36:15,927 : INFO : Fare: {4: 100, 3: 200, 2: 300, 1: 400, 0: 500}
2019-12-11 21:36:15,927 : INFO : Demand: {4: 50, 3: 40, 2: 30, 1: 20, 0: 10}
2019-12-11 21:36:15,927 : INFO : CV: {4: 0.05, 3: 0.1, 2: 0.15, 1: 0.2, 0: 0.25}
2019-12-11 21:36:15,927 : INFO : Stdev: {4: 2.5, 3: 4.0, 2: 4.5, 1: 4.0, 0: 2.5}
2019-12-11 21:36:16,851 : INFO : OB: 5
2019-12-11 21:36:16,851 : INFO : AC: 100, AU: 105, LB: 0, SA: 105
2019-12-11 21:36:18,248 : INFO : RSV: 12
2019-12-11 21:36:18,248 : INFO : Arr: 52, LB: 12, Rev: 1200
2019-12-11 21:36:18,939 : INFO : ---------- DFD 3 ----------
2019-12-11 21:36:18,939 : INFO : Event: Sportsball
2019-12-11 21:36:18,939 : INFO : AC: 100, AU: 105, LB: 12, SA: 93
2019-12-11 21:36:18,943 : INFO : Fare: {3: 300, 2: 450, 1: 600, 0: 750}
2019-12-11 21:36:18,943 : INFO : Demand: {3: 120, 2: 90, 1: 60, 0: 35}
2019-12-11 21:36:18,943 : INFO : CV: {3: 0.13500000000000004, 2: 0.20249999999999999, 1: 0.2700000000000001, 0: 0.3375}
2019-12-11 21:36:18,944 : INFO : Stdev: {3: 4.0, 2: 4.5, 1: 4.0, 0: 2.5}
2019-12-11 21:36:33,645 : INFO : RSV: 15
2019-12-11 21:36:33,645 : INFO : Arr: 118, LB: 15, Rev: 4500
2019-12-11 21:36:35,211 : INFO : ---------- DFD 2 ----------
2019-12-11 21:36:35,211 : INFO : Event: Capacity increase
2019-12-11 21:36:35,211 : INFO : AC: 150, AU: 155, LB: 27, SA: 128
2019-12-11 21:36:35,211 : INFO : Fare: {2: 450, 1: 600, 0: 750}
2019-12-11 21:36:35,211 : INFO : Demand: {2: 90, 1: 60, 0: 35}
2019-12-11 21:36:35,211 : INFO : CV: {2: 0.18225, 1: 0.24300000000000008, 0: 0.30375}
2019-12-11 21:36:35,211 : INFO : Stdev: {2: 4.5, 1: 4.0, 0: 2.5}
2019-12-11 21:36:41,915 : INFO : RSV: 100
2019-12-11 21:36:41,915 : INFO : Arr: 95, LB: 95, Rev: 42750
2019-12-11 21:36:43,718 : INFO : ---------- DFD 1 ----------
2019-12-11 21:36:43,718 : INFO : No event
2019-12-11 21:36:43,718 : INFO : AC: 150, AU: 155, LB: 122, SA: 33
2019-12-11 21:36:43,718 : INFO : Fare: {1: 600, 0: 750}
2019-12-11 21:36:43,718 : INFO : Demand: {1: 59, 0: 34}
2019-12-11 21:36:43,718 : INFO : CV: {1: 0.21870000000000006, 0: 0.27337500000000003}
2019-12-11 21:36:43,718 : INFO : Stdev: {1: 14.337000000000005, 0: 10.3275}
2019-12-11 21:36:55,625 : INFO : RSV: 10
2019-12-11 21:36:55,625 : INFO : Arr: 54, LB: 10, Rev: 6000
2019-12-11 21:36:56,548 : INFO : ---------- DFD 0 ----------
2019-12-11 21:36:56,548 : INFO : Event: Weak economy
2019-12-11 21:36:56,548 : INFO : AC: 150, AU: 155, LB: 132, SA: 23
2019-12-11 21:36:56,548 : INFO : Fare: {0: 750}
2019-12-11 21:36:56,548 : INFO : Demand: {0: 27}
2019-12-11 21:36:56,548 : INFO : CV: {0: 0.7381125000000001}
2019-12-11 21:36:56,548 : INFO : Stdev: {0: 10.3275}
2019-12-11 21:37:02,833 : INFO : RSV: 23
2019-12-11 21:37:02,833 : INFO : Arr: 31, LB: 23, Rev: 17250
2019-12-11 21:37:04,224 : INFO : NS: 2, DB: 3
2019-12-11 21:37:06,167 : INFO : DB cost: 100
2019-12-11 21:37:06,167 : INFO : AC: 150, AU: 155, LB: 153, SA: 0
2019-12-11 21:37:06,167 : INFO : Fare: {}
2019-12-11 21:37:06,167 : INFO : Demand: {}
2019-12-11 21:37:06,167 : INFO : CV: {}
2019-12-11 21:37:06,167 : INFO : Stdev: {}
2019-12-11 21:37:07,154 : INFO : ---------- Game end ----------
2019-12-11 21:37:07,170 : INFO : ******************************
2019-12-11 21:45:12,097 : INFO : ******************************
2019-12-11 21:45:12,097 : INFO : New game SFO
2019-12-11 21:45:12,097 : INFO : --------- Game start --------
2019-12-11 21:45:12,097 : INFO : AC: 100, AU: 100, LB: 0, SA: 100, Rev: 0
2019-12-11 21:45:12,097 : INFO : Fare: {4: 100, 3: 200, 2: 300, 1: 400, 0: 500}
2019-12-11 21:45:12,097 : INFO : Demand: {4: 50, 3: 40, 2: 30, 1: 20, 0: 10}
2019-12-11 21:45:12,097 : INFO : CV: {4: 0.05, 3: 0.1, 2: 0.15, 1: 0.2, 0: 0.25}
2019-12-11 21:45:12,097 : INFO : Stdev: {4: 2.5, 3: 4.0, 2: 4.5, 1: 4.0, 0: 2.5}
2019-12-11 21:45:13,573 : INFO : OB: 1
2019-12-11 21:45:13,573 : INFO : AC: 100, AU: 101, LB: 0, SA: 101, Rev: 0
2019-12-11 21:45:15,188 : INFO : RSV: 12
2019-12-11 21:45:15,188 : INFO : Arr: 45, LB+: 12, Rev+: 1200
2019-12-11 21:45:15,734 : INFO : ---------- DFD 3 ----------
2019-12-11 21:45:15,734 : INFO : Event: Fare increase
2019-12-11 21:45:15,734 : INFO : AC: 100, AU: 101, LB: 12, SA: 89, Rev: 1200
2019-12-11 21:45:15,734 : INFO : Fare: {3: 300, 2: 450, 1: 600, 0: 750}
2019-12-11 21:45:15,734 : INFO : Demand: {3: 26, 2: 19, 1: 13, 0: 6}
2019-12-11 21:45:15,734 : INFO : CV: {3: 0.09000000000000001, 2: 0.135, 1: 0.18000000000000002, 0: 0.225}
2019-12-11 21:45:15,734 : INFO : Stdev: {3: 4.0, 2: 4.5, 1: 4.0, 0: 2.5}
2019-12-11 21:52:26,441 : INFO : ******************************
2019-12-11 21:52:26,441 : INFO : New game IAH
2019-12-11 21:52:26,441 : INFO : --------- Game start --------
2019-12-11 21:52:26,441 : INFO : AC: 180, AU: 180, LB: 0, SA: 180, Rev: 0
2019-12-11 21:52:26,441 : INFO : Fare: {4: 200, 3: 300, 2: 400, 1: 500, 0: 600}
2019-12-11 21:52:26,441 : INFO : Demand: {4: 80, 3: 60, 2: 40, 1: 30, 0: 20}
2019-12-11 21:52:26,441 : INFO : CV: {4: 0.1, 3: 0.2, 2: 0.3, 1: 0.4, 0: 0.5}
2019-12-11 21:52:26,441 : INFO : Stdev: {4: 8.0, 3: 12.0, 2: 12.0, 1: 12.0, 0: 10.0}
2019-12-11 21:52:27,912 : INFO : OB: 1
2019-12-11 21:52:27,912 : INFO : AC: 180, AU: 181, LB: 0, SA: 181, Rev: 0
2019-12-11 21:52:28,960 : INFO : RSV: 12
2019-12-11 21:52:28,960 : INFO : Arr: 84, LB+: 12, Rev+: 2400
2019-12-11 21:52:29,368 : INFO : ---------- DFD 3 ----------
2019-12-11 21:52:29,368 : INFO : No event
2019-12-11 21:52:29,368 : INFO : AC: 180, AU: 181, LB: 12, SA: 169, Rev: 2400
2019-12-11 21:52:29,368 : INFO : Fare: {3: 300, 2: 400, 1: 500, 0: 600}
2019-12-11 21:52:29,368 : INFO : Demand: {3: 74, 2: 17, 1: 19, 0: 9}
2019-12-11 21:52:29,368 : INFO : CV: {3: 0.18000000000000002, 2: 0.27, 1: 0.36000000000000004, 0: 0.45}
2019-12-11 21:52:29,368 : INFO : Stdev: {3: 14.8, 2: 5.1, 1: 7.6000000000000005, 0: 4.5}
2019-12-11 21:52:30,197 : INFO : RSV: 12
2019-12-11 21:52:30,213 : INFO : Arr: 82, LB+: 12, Rev+: 3600
2019-12-11 21:52:30,603 : INFO : ---------- DFD 2 ----------
2019-12-11 21:52:30,603 : INFO : No event
2019-12-11 21:52:30,603 : INFO : AC: 180, AU: 181, LB: 24, SA: 157, Rev: 6000
2019-12-11 21:52:30,603 : INFO : Fare: {2: 400, 1: 500, 0: 600}
2019-12-11 21:52:30,603 : INFO : Demand: {2: 20, 1: 27, 0: 15}
2019-12-11 21:52:30,603 : INFO : CV: {2: 0.24300000000000002, 1: 0.32400000000000007, 0: 0.405}
2019-12-11 21:52:30,603 : INFO : Stdev: {2: 5.4, 1: 9.72, 0: 6.75}
2019-12-11 21:52:31,418 : INFO : RSV: 12
2019-12-11 21:52:31,418 : INFO : Arr: 20, LB+: 12, Rev+: 4800
2019-12-11 21:52:31,845 : INFO : ---------- DFD 1 ----------
2019-12-11 21:52:31,845 : INFO : No event
2019-12-11 21:52:31,845 : INFO : AC: 180, AU: 181, LB: 36, SA: 145, Rev: 10800
2019-12-11 21:52:31,845 : INFO : Fare: {1: 500, 0: 600}
2019-12-11 21:52:31,845 : INFO : Demand: {1: 33, 0: 11}
2019-12-11 21:52:31,845 : INFO : CV: {1: 0.2916000000000001, 0: 0.36450000000000005}
2019-12-11 21:52:31,845 : INFO : Stdev: {1: 10.692000000000002, 0: 4.455}
2019-12-11 21:52:34,479 : INFO : RSV: 12
2019-12-11 21:52:34,479 : INFO : Arr: 62, LB+: 12, Rev+: 6000
2019-12-11 21:52:34,899 : INFO : ---------- DFD 0 ----------
2019-12-11 21:52:34,899 : INFO : No event
2019-12-11 21:52:34,899 : INFO : AC: 180, AU: 181, LB: 48, SA: 133, Rev: 16800
2019-12-11 21:52:34,899 : INFO : Fare: {0: 600}
2019-12-11 21:52:34,899 : INFO : Demand: {0: 13}
2019-12-11 21:52:34,899 : INFO : CV: {0: 0.32805000000000006}
2019-12-11 21:52:34,899 : INFO : Stdev: {0: 4.7385}
2019-12-11 21:52:35,592 : INFO : RSV: 133
2019-12-11 21:52:35,592 : INFO : Arr: 25, LB+: 25, Rev+: 15000
2019-12-11 21:52:36,013 : INFO : NS: 3, DB: 0
2019-12-11 21:53:04,631 : INFO : ******************************
2019-12-11 21:53:04,631 : INFO : New game IAH
2019-12-11 21:53:04,631 : INFO : --------- Game start --------
2019-12-11 21:53:04,631 : INFO : AC: 180, AU: 180, LB: 0, SA: 180, Rev: 0
2019-12-11 21:53:04,631 : INFO : Fare: {4: 200, 3: 300, 2: 400, 1: 500, 0: 600}
2019-12-11 21:53:04,631 : INFO : Demand: {4: 80, 3: 60, 2: 40, 1: 30, 0: 20}
2019-12-11 21:53:04,631 : INFO : CV: {4: 0.1, 3: 0.2, 2: 0.3, 1: 0.4, 0: 0.5}
2019-12-11 21:53:04,631 : INFO : Stdev: {4: 8.0, 3: 12.0, 2: 12.0, 1: 12.0, 0: 10.0}
2019-12-11 21:53:05,604 : INFO : OB: 0
2019-12-11 21:53:05,604 : INFO : AC: 180, AU: 180, LB: 0, SA: 180, Rev: 0
2019-12-11 21:53:07,173 : INFO : RSV: 15
2019-12-11 21:53:07,188 : INFO : Arr: 88, LB+: 15, Rev+: 3000
2019-12-11 21:53:07,566 : INFO : ---------- DFD 3 ----------
2019-12-11 21:53:07,566 : INFO : No event
2019-12-11 21:53:07,566 : INFO : AC: 180, AU: 180, LB: 15, SA: 165, Rev: 3000
2019-12-11 21:53:07,566 : INFO : Fare: {3: 300, 2: 400, 1: 500, 0: 600}
2019-12-11 21:53:07,566 : INFO : Demand: {3: 46, 2: 38, 1: 38, 0: 6}
2019-12-11 21:53:07,566 : INFO : CV: {3: 0.18000000000000002, 2: 0.27, 1: 0.36000000000000004, 0: 0.45}
2019-12-11 21:53:07,566 : INFO : Stdev: {3: 9.200000000000001, 2: 11.4, 1: 15.200000000000001, 0: 3.0}
2019-12-11 21:53:08,552 : INFO : RSV: 15
2019-12-11 21:53:08,552 : INFO : Arr: 46, LB+: 15, Rev+: 4500
2019-12-11 21:53:08,960 : INFO : ---------- DFD 2 ----------
2019-12-11 21:53:08,960 : INFO : Event: Fare increase
2019-12-11 21:53:08,976 : INFO : AC: 180, AU: 180, LB: 30, SA: 150, Rev: 7500
2019-12-11 21:53:08,976 : INFO : Fare: {2: 600, 1: 750, 0: 900}
2019-12-11 21:53:08,976 : INFO : Demand: {2: 25, 1: 25, 0: 3}
2019-12-11 21:53:08,976 : INFO : CV: {2: 0.24300000000000002, 1: 0.32400000000000007, 0: 0.405}
2019-12-11 21:53:08,976 : INFO : Stdev: {2: 11.4, 1: 15.200000000000001, 0: 3.0}
2019-12-11 21:53:16,521 : INFO : ---------- DFD 1 ----------
2019-12-11 21:53:16,521 : INFO : No event
2019-12-11 21:53:16,521 : INFO : AC: 180, AU: 180, LB: 30, SA: 150, Rev: 7500
2019-12-11 21:53:16,521 : INFO : Fare: {1: 750, 0: 900}
2019-12-11 21:53:16,521 : INFO : Demand: {1: 6, 0: 2}
2019-12-11 21:53:16,521 : INFO : CV: {1: 0.2916000000000001, 0: 0.36450000000000005}
2019-12-11 21:53:16,521 : INFO : Stdev: {1: 1.9440000000000004, 0: 0.81}
2019-12-11 21:54:26,635 : INFO : ******************************
2019-12-11 21:54:26,635 : INFO : New game Easy mode
2019-12-11 21:54:26,635 : INFO : --------- Game start --------
2019-12-11 21:54:26,635 : INFO : AC: 100, AU: 100, LB: 0, SA: 100, Rev: 0
2019-12-11 21:54:26,635 : INFO : Fare: {3: 100, 2: 200, 1: 300, 0: 400}
2019-12-11 21:54:26,635 : INFO : Demand: {3: 80, 2: 60, 1: 40, 0: 20}
2019-12-11 21:54:26,635 : INFO : CV: {3: 0, 2: 0, 1: 0, 0: 0}
2019-12-11 21:54:26,635 : INFO : Stdev: {3: 0, 2: 0, 1: 0, 0: 0}
2019-12-11 21:54:27,639 : INFO : RSV: 10
2019-12-11 21:54:27,639 : INFO : Arr: 80, LB+: 10, Rev+: 1000
2019-12-11 21:54:28,016 : INFO : ---------- DFD 2 ----------
2019-12-11 21:54:29,317 : INFO : ---------- DFD 1 ----------
2019-12-11 21:54:59,843 : INFO : ******************************
2019-12-11 21:54:59,843 : INFO : New game Easy mode
2019-12-11 21:54:59,843 : INFO : --------- Game start --------
2019-12-11 21:54:59,843 : INFO : AC: 100, AU: 100, LB: 0, SA: 100, Rev: 0
2019-12-11 21:54:59,843 : INFO : Fare: {3: 100, 2: 200, 1: 300, 0: 400}
2019-12-11 21:54:59,844 : INFO : Demand: {3: 80, 2: 60, 1: 40, 0: 20}
2019-12-11 21:54:59,844 : INFO : CV: {3: 0, 2: 0, 1: 0, 0: 0}
2019-12-11 21:54:59,844 : INFO : Stdev: {3: 0, 2: 0, 1: 0, 0: 0}
2019-12-11 21:55:01,093 : INFO : RSV: 1
2019-12-11 21:55:01,093 : INFO : Arr: 80, LB+: 1, Rev+: 100
2019-12-11 21:55:01,811 : INFO : ---------- DFD 2 ----------
2019-12-11 21:55:01,811 : INFO : AC: 100, AU: 100, LB: 1, SA: 99, Rev: 100
2019-12-11 21:55:01,811 : INFO : Fare: {2: 200, 1: 300, 0: 400}
2019-12-11 21:55:01,811 : INFO : Demand: {2: 60, 1: 40, 0: 20}
2019-12-11 21:55:01,811 : INFO : CV: {2: 0, 1: 0, 0: 0}
2019-12-11 21:55:01,811 : INFO : Stdev: {2: 0, 1: 0, 0: 0}
2019-12-11 21:55:02,109 : INFO : RSV: 2
2019-12-11 21:55:02,109 : INFO : Arr: 60, LB+: 2, Rev+: 400
2019-12-11 21:55:02,532 : INFO : ---------- DFD 1 ----------
2019-12-11 21:55:02,532 : INFO : AC: 100, AU: 100, LB: 3, SA: 97, Rev: 500
2019-12-11 21:55:02,532 : INFO : Fare: {1: 300, 0: 400}
2019-12-11 21:55:02,532 : INFO : Demand: {1: 40, 0: 20}
2019-12-11 21:55:02,532 : INFO : CV: {1: 0, 0: 0}
2019-12-11 21:55:02,532 : INFO : Stdev: {1: 0, 0: 0}
2019-12-11 21:55:02,782 : INFO : RSV: 3
2019-12-11 21:55:02,782 : INFO : Arr: 40, LB+: 3, Rev+: 900
2019-12-11 21:55:03,189 : INFO : ---------- DFD 0 ----------
2019-12-11 21:55:03,189 : INFO : AC: 100, AU: 100, LB: 6, SA: 94, Rev: 1400
2019-12-11 21:55:03,189 : INFO : Fare: {0: 400}
2019-12-11 21:55:03,189 : INFO : Demand: {0: 20}
2019-12-11 21:55:03,189 : INFO : CV: {0: 0}
2019-12-11 21:55:03,189 : INFO : Stdev: {0: 0}
2019-12-11 21:55:04,378 : INFO : RSV: 94
2019-12-11 21:55:04,378 : INFO : Arr: 20, LB+: 20, Rev+: 8000
2019-12-11 21:55:04,802 : INFO : ---------- Game end ----------
2019-12-11 21:55:04,802 : INFO : ******************************
2019-12-11 21:58:35,334 : ERROR : oops
Traceback (most recent call last):
  File "run.py", line 9, in <module>
    error()
NameError: name 'error' is not defined
2019-12-11 21:59:06,153 : ERROR : oops
Traceback (most recent call last):
  File "run.py", line 10, in <module>
    error()
NameError: name 'error' is not defined
2019-12-11 22:05:56,557 : INFO : ******************************
2019-12-11 22:05:56,557 : INFO : New game Easy mode
2019-12-11 22:05:56,557 : INFO : --------- Game start --------
2019-12-11 22:05:56,557 : INFO : AC: 100, AU: 100, LB: 0, SA: 100, Rev: 0
2019-12-11 22:05:56,557 : INFO : Fare: {3: 100, 2: 200, 1: 300, 0: 400}
2019-12-11 22:05:56,557 : INFO : Demand: {3: 80, 2: 60, 1: 40, 0: 20}
2019-12-11 22:05:56,557 : INFO : CV: {3: 0, 2: 0, 1: 0, 0: 0}
2019-12-11 22:05:56,557 : INFO : Stdev: {3: 0, 2: 0, 1: 0, 0: 0}
2019-12-11 22:05:58,251 : INFO : RSV: 10
2019-12-11 22:05:58,251 : INFO : Arr: 80, LB+: 10, Rev+: 1000
2019-12-11 22:05:58,736 : INFO : ---------- DFD 2 ----------
2019-12-11 22:05:58,736 : INFO : AC: 100, AU: 100, LB: 10, SA: 90, Rev: 1000
2019-12-11 22:05:58,736 : INFO : Fare: {2: 200, 1: 300, 0: 400}
2019-12-11 22:05:58,736 : INFO : Demand: {2: 60, 1: 40, 0: 20}
2019-12-11 22:05:58,736 : INFO : CV: {2: 0, 1: 0, 0: 0}
2019-12-11 22:05:58,736 : INFO : Stdev: {2: 0, 1: 0, 0: 0}
2019-12-11 22:06:15,322 : INFO : ******************************
2019-12-11 22:06:15,322 : INFO : New game Easy mode
2019-12-11 22:06:15,322 : INFO : --------- Game start --------
2019-12-11 22:06:15,322 : INFO : AC: 100, AU: 100, LB: 0, SA: 100, Rev: 0
2019-12-11 22:06:15,322 : INFO : Fare: {3: 100, 2: 200, 1: 300, 0: 400}
2019-12-11 22:06:15,322 : INFO : Demand: {3: 80, 2: 60, 1: 40, 0: 20}
2019-12-11 22:06:15,322 : INFO : CV: {3: 0, 2: 0, 1: 0, 0: 0}
2019-12-11 22:06:15,322 : INFO : Stdev: {3: 0, 2: 0, 1: 0, 0: 0}
2019-12-11 22:06:16,060 : INFO : RSV: 15
2019-12-11 22:06:16,060 : INFO : Arr: 80, LB+: 15, Rev+: 1500
2019-12-11 22:06:16,450 : INFO : ---------- DFD 2 ----------
2019-12-11 22:06:16,450 : INFO : AC: 100, AU: 100, LB: 15, SA: 85, Rev: 1500
2019-12-11 22:06:16,450 : INFO : Fare: {2: 200, 1: 300, 0: 400}
2019-12-11 22:06:16,450 : INFO : Demand: {2: 60, 1: 40, 0: 20}
2019-12-11 22:06:16,450 : INFO : CV: {2: 0, 1: 0, 0: 0}
2019-12-11 22:06:16,450 : INFO : Stdev: {2: 0, 1: 0, 0: 0}
2019-12-11 22:06:26,524 : INFO : RSV: 15
2019-12-11 22:06:26,524 : INFO : Arr: 60, LB+: 15, Rev+: 3000
2019-12-11 22:06:26,902 : INFO : ---------- DFD 1 ----------
2019-12-11 22:06:26,902 : INFO : AC: 100, AU: 100, LB: 30, SA: 70, Rev: 4500
2019-12-11 22:06:26,902 : INFO : Fare: {1: 300, 0: 400}
2019-12-11 22:06:26,902 : INFO : Demand: {1: 40, 0: 20}
2019-12-11 22:06:26,902 : INFO : CV: {1: 0, 0: 0}
2019-12-11 22:06:26,902 : INFO : Stdev: {1: 0, 0: 0}
2019-12-11 22:06:27,553 : INFO : RSV: 15
2019-12-11 22:06:27,553 : INFO : Arr: 40, LB+: 15, Rev+: 4500
2019-12-11 22:06:27,916 : INFO : ---------- DFD 0 ----------
2019-12-11 22:06:27,916 : INFO : AC: 100, AU: 100, LB: 45, SA: 55, Rev: 9000
2019-12-11 22:06:27,916 : INFO : Fare: {0: 400}
2019-12-11 22:06:27,916 : INFO : Demand: {0: 20}
2019-12-11 22:06:27,916 : INFO : CV: {0: 0}
2019-12-11 22:06:27,916 : INFO : Stdev: {0: 0}
2019-12-11 22:06:29,772 : INFO : RSV: 55
2019-12-11 22:06:29,772 : INFO : Arr: 20, LB+: 20, Rev+: 8000
2019-12-11 22:06:30,562 : INFO : ---------- Game end ----------
2019-12-11 22:06:30,562 : INFO : ******************************
2019-12-11 22:09:19,819 : INFO : ******************************
2019-12-11 22:09:19,819 : INFO : New game Easy mode
2019-12-11 22:09:19,820 : INFO : --------- Game start --------
2019-12-11 22:09:19,820 : INFO : AC: 100, AU: 100, LB: 0, SA: 100, Rev: 0
2019-12-11 22:09:19,820 : INFO : Fare: {3: 100, 2: 200, 1: 300, 0: 400}
2019-12-11 22:09:19,820 : INFO : Demand: {3: 80, 2: 60, 1: 40, 0: 20}
2019-12-11 22:09:19,820 : INFO : CV: {3: 0, 2: 0, 1: 0, 0: 0}
2019-12-11 22:09:19,820 : INFO : Stdev: {3: 0, 2: 0, 1: 0, 0: 0}
2019-12-11 22:09:20,456 : INFO : RSV: 5
2019-12-11 22:09:20,456 : INFO : Arr: 80, LB+: 5, Rev+: 500
2019-12-11 22:09:20,894 : INFO : ---------- DFD 2 ----------
2019-12-11 22:09:20,894 : INFO : AC: 100, AU: 100, LB: 5, SA: 95, Rev: 500
2019-12-11 22:09:20,894 : INFO : Fare: {2: 200, 1: 300, 0: 400}
2019-12-11 22:09:20,894 : INFO : Demand: {2: 60, 1: 40, 0: 20}
2019-12-11 22:09:20,894 : INFO : CV: {2: 0, 1: 0, 0: 0}
2019-12-11 22:09:20,894 : INFO : Stdev: {2: 0, 1: 0, 0: 0}
2019-12-11 22:09:53,653 : INFO : ******************************
2019-12-11 22:09:53,653 : INFO : New game Easy mode
2019-12-11 22:09:53,653 : INFO : --------- Game start --------
2019-12-11 22:09:53,653 : INFO : AC: 100, AU: 100, LB: 0, SA: 100, Rev: 0
2019-12-11 22:09:53,654 : INFO : Fare: {3: 100, 2: 200, 1: 300, 0: 400}
2019-12-11 22:09:53,654 : INFO : Demand: {3: 80, 2: 60, 1: 40, 0: 20}
2019-12-11 22:09:53,654 : INFO : CV: {3: 0, 2: 0, 1: 0, 0: 0}
2019-12-11 22:09:53,654 : INFO : Stdev: {3: 0, 2: 0, 1: 0, 0: 0}
2019-12-11 22:09:55,016 : INFO : RSV: 5
2019-12-11 22:09:55,016 : INFO : Arr: 80, LB+: 5, Rev+: 500
2019-12-11 22:09:55,364 : INFO : ---------- DFD 2 ----------
2019-12-11 22:09:55,364 : INFO : AC: 100, AU: 100, LB: 5, SA: 95, Rev: 500
2019-12-11 22:09:55,364 : INFO : Fare: {2: 200, 1: 300, 0: 400}
2019-12-11 22:09:55,364 : INFO : Demand: {2: 60, 1: 40, 0: 20}
2019-12-11 22:09:55,364 : INFO : CV: {2: 0, 1: 0, 0: 0}
2019-12-11 22:09:55,364 : INFO : Stdev: {2: 0, 1: 0, 0: 0}
2019-12-11 22:09:55,395 : ERROR : oops
Traceback (most recent call last):
  File "C:\Users\u253849\AppData\Local\Continuum\anaconda3\envs\rm-game\lib\tkinter\__init__.py", line 1705, in __call__
    return self.func(*args)
  File "C:\Users\u253849\Documents\rm-game\gui.py", line 673, in go_to_next_dfd
    print(3/0)
ZeroDivisionError: division by zero
2019-12-11 22:11:03,528 : INFO : ******************************
2019-12-11 22:11:03,528 : INFO : New game IAH
2019-12-11 22:11:03,528 : INFO : --------- Game start --------
2019-12-11 22:11:03,528 : INFO : AC: 180, AU: 180, LB: 0, SA: 180, Rev: 0
2019-12-11 22:11:03,528 : INFO : Fare: {4: 200, 3: 300, 2: 400, 1: 500, 0: 600}
2019-12-11 22:11:03,528 : INFO : Demand: {4: 80, 3: 60, 2: 40, 1: 30, 0: 20}
2019-12-11 22:11:03,528 : INFO : CV: {4: 0.1, 3: 0.2, 2: 0.3, 1: 0.4, 0: 0.5}
2019-12-11 22:11:03,528 : INFO : Stdev: {4: 8.0, 3: 12.0, 2: 12.0, 1: 12.0, 0: 10.0}
2019-12-11 22:11:04,092 : INFO : OB: 5
2019-12-11 22:11:04,092 : INFO : AC: 180, AU: 185, LB: 0, SA: 185, Rev: 0
2019-12-11 22:11:05,784 : INFO : RSV: 15
2019-12-11 22:11:05,784 : INFO : Arr: 86, LB+: 15, Rev+: 3000
2019-12-11 22:11:06,382 : INFO : ---------- DFD 3 ----------
2019-12-11 22:11:06,382 : INFO : No event
2019-12-11 22:11:06,382 : INFO : AC: 180, AU: 185, LB: 15, SA: 170, Rev: 3000
2019-12-11 22:11:06,382 : INFO : Fare: {3: 300, 2: 400, 1: 500, 0: 600}
2019-12-11 22:11:06,382 : INFO : Demand: {3: 75, 2: 20, 1: 45, 0: 23}
2019-12-11 22:11:06,382 : INFO : CV: {3: 0.18000000000000002, 2: 0.27, 1: 0.36000000000000004, 0: 0.45}
2019-12-11 22:11:06,382 : INFO : Stdev: {3: 15.0, 2: 6.0, 1: 18.0, 0: 11.5}
2019-12-11 22:11:06,413 : ERROR : /\/\/\/\/\/\/\/\/\/\/\/\/\/\/\
Traceback (most recent call last):
  File "C:\Users\u253849\AppData\Local\Continuum\anaconda3\envs\rm-game\lib\tkinter\__init__.py", line 1705, in __call__
    return self.func(*args)
  File "C:\Users\u253849\Documents\rm-game\gui.py", line 673, in go_to_next_dfd
    print(3/0)
ZeroDivisionError: division by zero
2019-12-11 22:11:07,291 : INFO : RSV: 12
2019-12-11 22:11:07,291 : INFO : Arr: 53, LB+: 12, Rev+: 3600
2019-12-11 22:11:07,842 : INFO : ---------- DFD 2 ----------
2019-12-11 22:11:07,842 : INFO : Event: Capacity decrease
2019-12-11 22:11:07,842 : INFO : AC: 130, AU: 135, LB: 27, SA: 108, Rev: 6600
2019-12-11 22:11:07,842 : INFO : Fare: {2: 400, 1: 500, 0: 600}
2019-12-11 22:11:07,842 : INFO : Demand: {2: 20, 1: 45, 0: 23}
2019-12-11 22:11:07,842 : INFO : CV: {2: 0.24300000000000002, 1: 0.32400000000000007, 0: 0.405}
2019-12-11 22:11:07,842 : INFO : Stdev: {2: 6.0, 1: 18.0, 0: 11.5}
2019-12-11 22:11:07,872 : ERROR : /\/\/\/\/\/\/\/\/\/\/\/\/\/\/\
Traceback (most recent call last):
  File "C:\Users\u253849\AppData\Local\Continuum\anaconda3\envs\rm-game\lib\tkinter\__init__.py", line 1705, in __call__
    return self.func(*args)
  File "C:\Users\u253849\Documents\rm-game\gui.py", line 673, in go_to_next_dfd
    print(3/0)
ZeroDivisionError: division by zero
2019-12-11 22:11:11,410 : INFO : RSV: 10
2019-12-11 22:11:11,410 : INFO : Arr: 24, LB+: 10, Rev+: 4000
2019-12-11 22:11:11,942 : INFO : ---------- DFD 1 ----------
2019-12-11 22:11:11,942 : INFO : No event
2019-12-11 22:11:11,942 : INFO : AC: 130, AU: 135, LB: 37, SA: 98, Rev: 10600
2019-12-11 22:11:11,942 : INFO : Fare: {1: 500, 0: 600}
2019-12-11 22:11:11,942 : INFO : Demand: {1: 34, 0: 29}
2019-12-11 22:11:11,942 : INFO : CV: {1: 0.2916000000000001, 0: 0.36450000000000005}
2019-12-11 22:11:11,942 : INFO : Stdev: {1: 11.016000000000002, 0: 11.745000000000001}
2019-12-11 22:11:11,973 : ERROR : /\/\/\/\/\/\/\/\/\/\/\/\/\/\/\
Traceback (most recent call last):
  File "C:\Users\u253849\AppData\Local\Continuum\anaconda3\envs\rm-game\lib\tkinter\__init__.py", line 1705, in __call__
    return self.func(*args)
  File "C:\Users\u253849\Documents\rm-game\gui.py", line 673, in go_to_next_dfd
    print(3/0)
ZeroDivisionError: division by zero
